<?xml version="1.0" encoding="UTF-8"?>
<!-- Generated by org.testng.reporters.JUnitXMLReporter -->
<testsuite ignored="0" hostname="TanmayPanda" failures="0" tests="3" name="Test-1" time="75.062" errors="0" timestamp="21 Jan 2025 05:32:50 GMT">
  <testcase classname="com.comcast.crm.orgtest.CreateOrgTestUsingBaseClassTest" name="createOrgTest" time="18.322"/>
  <testcase classname="com.comcast.crm.orgtest.CreateOrgTestUsingBaseClassTest" name="createOrgTestWithIndustry" time="16.24"/>
  <testcase classname="com.comcast.crm.orgtest.CreateOrgTestUsingBaseClassTest" name="createOrgTestWithPhoneNumber" time="16.643"/>
</testsuite> <!-- Test-1 -->
