<?xml version="1.0" encoding="UTF-8"?>
<!-- Generated by org.testng.reporters.JUnitXMLReporter -->
<testsuite ignored="0" hostname="TanmayPanda" failures="0" tests="3" name="Test-2" time="88.389" errors="0" timestamp="21 Jan 2025 05:33:03 GMT">
  <testcase classname="com.comcast.crm.contacttest.CreateContactTestUsingBaseClass" name="CreateContactTestUsingBaseClas" time="17.708"/>
  <testcase classname="com.comcast.crm.contacttest.CreateContactTestUsingBaseClass" name="CreateContactwithOrgTest" time="32.984"/>
  <testcase classname="com.comcast.crm.contacttest.CreateContactTestUsingBaseClass" name="CreateContactwithSupportDateTest" time="14.892"/>
</testsuite> <!-- Test-2 -->
