<?xml version="1.0" encoding="UTF-8"?>
<!-- Generated by org.testng.reporters.JUnitReportReporter -->
<testsuite hostname="TanmayPanda" failures="0" tests="1" name="com.comcast.crm.orgtest.CreateOrgTestUsingBaseClassTest" time="20.197" errors="0" timestamp="22 Jan 2025 06:36:11 GMT" skipped="0">
  <testcase classname="com.comcast.crm.orgtest.CreateOrgTestUsingBaseClassTest" name="createOrgTest" time="20.197"/>
</testsuite> <!-- com.comcast.crm.orgtest.CreateOrgTestUsingBaseClassTest -->
