<?xml version="1.0" encoding="UTF-8"?>
<!-- Generated by org.testng.reporters.JUnitReportReporter -->
<testsuite hostname="TanmayPanda" failures="0" tests="1" name="com.comcast.crm.contacttest.CreateContactwithOrgTest" time="32.862" errors="0" timestamp="22 Jan 2025 10:42:02 GMT" skipped="0">
  <testcase classname="com.comcast.crm.contacttest.CreateContactwithOrgTest" name="CreateContactwithOrgTest" time="32.862"/>
</testsuite> <!-- com.comcast.crm.contacttest.CreateContactwithOrgTest -->
