<?xml version="1.0" encoding="UTF-8"?>
<!-- Generated by org.testng.reporters.JUnitReportReporter -->
<testsuite hostname="TanmayPanda" failures="0" tests="1" name="com.comcast.crm.contacttest.createOrgTestWithIndustryTest" time="19.833" errors="0" timestamp="22 Jan 2025 10:42:02 GMT" skipped="0">
  <testcase classname="com.comcast.crm.contacttest.createOrgTestWithIndustryTest" name="createOrgTestWithIndustry" time="19.833"/>
</testsuite> <!-- com.comcast.crm.contacttest.createOrgTestWithIndustryTest -->
